<?xml version="1.0" encoding="UTF-8"?>
<!-- Generated by org.testng.reporters.JUnitReportReporter -->
<testsuite hostname="DESKTOP-N578P02" failures="0" tests="2" name="com.testing.test.testPage" time="37.954" errors="0" timestamp="2024-11-30T17:54:14 IST" skipped="0">
  <testcase classname="com.testing.test.testPage" name="registerP" time="22.686"/>
  <system-out/>
  <testcase classname="com.testing.test.testPage" name="loginTest" time="15.268"/>
  <system-out/>
</testsuite> <!-- com.testing.test.testPage -->
